<?xml version="1.0" encoding="UTF-8"?>
<!-- Generated by org.testng.reporters.JUnitReportReporter -->
<testsuite skipped="0" hostname="nipunverma" name="com.TestCases.TestCase" tests="1" failures="0" timestamp="25 Apr 2022 12:57:24 GMT" time="3.984" errors="0">
  <testcase name="TestCase_Unlock" time="3.984" classname="com.TestCases.TestCase"/>
</testsuite> <!-- com.TestCases.TestCase -->
