<?xml version="1.0" encoding="UTF-8"?>
<!-- Generated by org.testng.reporters.JUnitReportReporter -->
<testsuite hostname="nipunverma" failures="0" tests="1" name="com.TestCases.TestCase" time="2.195" errors="0" timestamp="23 Mar 2022 11:34:05 GMT" skipped="0">
  <testcase classname="com.TestCases.TestCase" name="TestCase_GETRequest" time="2.195"/>
</testsuite> <!-- com.TestCases.TestCase -->
