<?xml version="1.0" encoding="UTF-8"?>
<!-- Generated by org.testng.reporters.JUnitReportReporter -->
<testsuite hostname="nipunverma" failures="0" tests="1" name="com.TestCase.TestCases" time="1.122" errors="0" timestamp="10 Feb 2022 11:15:13 GMT" skipped="0">
  <testcase classname="com.TestCase.TestCases" name="TestCase_GetRequest" time="1.122"/>
</testsuite> <!-- com.TestCase.TestCases -->
