<?xml version="1.0" encoding="UTF-8"?>
<!-- Generated by org.testng.reporters.JUnitReportReporter -->
<testsuite hostname="nipunverma" failures="0" tests="1" name="com.Utility.JSONFileReader" time="0.017" errors="0" timestamp="10 Feb 2022 11:02:23 GMT" skipped="0">
  <testcase classname="com.Utility.JSONFileReader" name="ReadJSONFile" time="0.017"/>
</testsuite> <!-- com.Utility.JSONFileReader -->
