<?xml version="1.0" encoding="UTF-8"?>
<!-- Generated by org.testng.reporters.JUnitReportReporter -->
<testsuite hostname="nipunverma" failures="0" tests="1" name="com.Utility.JSONReader" time="0.021" errors="0" timestamp="09 Feb 2022 10:27:12 GMT" skipped="0">
  <testcase classname="com.Utility.JSONReader" name="readJSONData" time="0.021"/>
</testsuite> <!-- com.Utility.JSONReader -->
